2024-10-15 17:57:45 [[32minfo[39m]: Server is running on port 3001
2024-10-15 17:58:13 [[32minfo[39m]: Método: GET | URL: /events/2024-10-14 | Params: {} | Body: {}
2024-10-15 17:58:15 [[32minfo[39m]: ::1 - - [15/Oct/2024:20:58:15 +0000] "GET /events/2024-10-14 HTTP/1.1" 200 393 "-" "insomnia/2023.5.8"
2024-10-15 17:59:06 [[32minfo[39m]: Server is running on port 3001
2024-10-15 17:59:26 [[32minfo[39m]: Server is running on port 3001
2024-10-15 17:59:41 [[32minfo[39m]: Server is running on port 3001
2024-10-15 17:59:53 [[32minfo[39m]: Server is running on port 3001
2024-10-15 18:00:02 [[32minfo[39m]: Server is running on port 3001
2024-10-15 18:00:10 [[32minfo[39m]: Server is running on port 3001
2024-10-15 18:00:37 [[32minfo[39m]: Server is running on port 3001
2024-10-15 18:00:44 [[32minfo[39m]: Server is running on port 3001
2024-10-15 18:00:58 [[32minfo[39m]: Server is running on port 3001
2024-10-15 18:01:07 [[32minfo[39m]: Server is running on port 3001
2024-10-15 18:01:12 [[32minfo[39m]: Server is running on port 3001
2024-10-15 18:03:44 [[32minfo[39m]: Server is running on port 3001
2024-10-15 18:04:01 [[32minfo[39m]: Server is running on port 3001
2024-10-15 18:04:34 [[32minfo[39m]: Server is running on port 3001
2024-10-15 18:04:45 [[32minfo[39m]: Método: GET | URL: /tournament/seria-a | Params: {} | Body: {}
2024-10-15 18:04:55 [[32minfo[39m]: ::1 - - [15/Oct/2024:21:04:55 +0000] "GET /tournament/seria-a HTTP/1.1" 200 17449 "-" "insomnia/2023.5.8"
2024-10-15 18:06:23 [[32minfo[39m]: Server is running on port 3001
2024-10-15 18:06:32 [[32minfo[39m]: Server is running on port 3001
2024-10-15 18:08:09 [[32minfo[39m]: Server is running on port 3001
2024-10-15 18:10:43 [[32minfo[39m]: Server is running on port 3001
2024-10-15 18:11:23 [[32minfo[39m]: Connected to MongoDB
2024-10-15 18:11:23 [[32minfo[39m]: Server is running on port 3001
2024-10-15 18:11:33 [[32minfo[39m]: Connected to MongoDB
2024-10-15 18:11:33 [[32minfo[39m]: Server is running on port 3001
2024-10-15 18:11:42 [[32minfo[39m]: Connected to MongoDB
2024-10-15 18:11:42 [[32minfo[39m]: Server is running on port 3001
2024-10-15 18:11:58 [[32minfo[39m]: Connected to MongoDB
2024-10-15 18:11:58 [[32minfo[39m]: Server is running on port 3001
2024-10-15 18:12:27 [[32minfo[39m]: Connected to MongoDB
2024-10-15 18:12:27 [[32minfo[39m]: Server is running on port 3001
2024-10-15 18:13:07 [[32minfo[39m]: Connected to MongoDB
2024-10-15 18:13:07 [[32minfo[39m]: Server is running on port 3001
2024-10-15 18:13:23 [[32minfo[39m]: Connected to MongoDB
2024-10-15 18:13:23 [[32minfo[39m]: Server is running on port 3001
2024-10-15 18:13:36 [[32minfo[39m]: Connected to MongoDB
2024-10-15 18:13:36 [[32minfo[39m]: Server is running on port 3001
2024-10-15 18:13:41 [[32minfo[39m]: Connected to MongoDB
2024-10-15 18:13:41 [[32minfo[39m]: Server is running on port 3001
2024-10-15 18:13:50 [[32minfo[39m]: Connected to MongoDB
2024-10-15 18:13:50 [[32minfo[39m]: Server is running on port 3001
2024-10-15 18:14:08 [[32minfo[39m]: Connected to MongoDB
2024-10-15 18:14:08 [[32minfo[39m]: Server is running on port 3001
2024-10-15 18:15:29 [[32minfo[39m]: Connected to MongoDB
2024-10-15 18:15:29 [[32minfo[39m]: Server is running on port 3001
2024-10-15 18:15:32 [[32minfo[39m]: Método: GET | URL: /tournament/seria-a | Params: {} | Body: {}
2024-10-15 18:15:39 [[32minfo[39m]: ::1 - - [15/Oct/2024:21:15:39 +0000] "GET /tournament/seria-a HTTP/1.1" 400 43 "-" "insomnia/2023.5.8"
2024-10-15 18:16:14 [[32minfo[39m]: Connected to MongoDB
2024-10-15 18:16:14 [[32minfo[39m]: Server is running on port 3001
2024-10-15 18:17:19 [[32minfo[39m]: Connected to MongoDB
2024-10-15 18:17:19 [[32minfo[39m]: Server is running on port 3001
2024-10-15 18:17:20 [[32minfo[39m]: Método: GET | URL: /tournament | Params: {} | Body: {}
2024-10-15 18:17:29 [[32minfo[39m]: ::1 - - [15/Oct/2024:21:17:29 +0000] "GET /tournament HTTP/1.1" 400 43 "-" "insomnia/2023.5.8"
2024-10-15 18:17:58 [[32minfo[39m]: Connected to MongoDB
2024-10-15 18:17:58 [[32minfo[39m]: Server is running on port 3001
2024-10-15 18:18:01 [[32minfo[39m]: Método: GET | URL: /tournament | Params: {} | Body: {}
2024-10-15 18:18:09 [[32minfo[39m]: ::1 - - [15/Oct/2024:21:18:09 +0000] "GET /tournament HTTP/1.1" 400 43 "-" "insomnia/2023.5.8"
2024-10-15 18:19:05 [[32minfo[39m]: Connected to MongoDB
2024-10-15 18:19:05 [[32minfo[39m]: Server is running on port 3001
2024-10-15 18:19:07 [[32minfo[39m]: Método: GET | URL: /tournament | Params: {} | Body: {}
2024-10-15 18:19:17 [[32minfo[39m]: ::1 - - [15/Oct/2024:21:19:17 +0000] "GET /tournament HTTP/1.1" 200 17449 "-" "insomnia/2023.5.8"
2024-10-15 18:19:29 [[32minfo[39m]: Connected to MongoDB
2024-10-15 18:19:29 [[32minfo[39m]: Server is running on port 3001
2024-10-15 18:50:51 [[32minfo[39m]: Connected to MongoDB
2024-10-15 18:50:51 [[32minfo[39m]: Server is running on port 3001
2024-10-15 18:51:14 [[32minfo[39m]: Connected to MongoDB
2024-10-15 18:51:14 [[32minfo[39m]: Server is running on port 3001
2024-10-15 18:51:15 [[32minfo[39m]: Método: GET | URL: /tournament | Params: {} | Body: {}
2024-10-15 18:51:25 [[32minfo[39m]: ::1 - - [15/Oct/2024:21:51:25 +0000] "GET /tournament HTTP/1.1" 200 39 "-" "insomnia/2023.5.8"
2024-10-15 18:51:35 [[32minfo[39m]: Connected to MongoDB
2024-10-15 18:51:35 [[32minfo[39m]: Server is running on port 3001
2024-10-15 18:58:42 [[32minfo[39m]: Connected to MongoDB
2024-10-15 18:58:42 [[32minfo[39m]: Server is running on port 3001
2024-10-15 18:58:48 [[32minfo[39m]: Connected to MongoDB
2024-10-15 18:58:48 [[32minfo[39m]: Server is running on port 3001
2024-10-15 18:59:05 [[32minfo[39m]: Connected to MongoDB
2024-10-15 18:59:05 [[32minfo[39m]: Server is running on port 3001
2024-10-15 18:59:25 [[32minfo[39m]: Connected to MongoDB
2024-10-15 18:59:25 [[32minfo[39m]: Server is running on port 3001
2024-10-15 18:59:42 [[32minfo[39m]: Connected to MongoDB
2024-10-15 18:59:42 [[32minfo[39m]: Server is running on port 3001
2024-10-15 19:01:13 [[32minfo[39m]: Connected to MongoDB
2024-10-15 19:01:13 [[32minfo[39m]: Server is running on port 3001
2024-10-15 19:04:57 [[32minfo[39m]: Connected to MongoDB
2024-10-15 19:04:57 [[32minfo[39m]: Server is running on port 3001
2024-10-15 19:06:34 [[32minfo[39m]: Connected to MongoDB
2024-10-15 19:06:34 [[32minfo[39m]: Server is running on port 3001
2024-10-15 19:08:23 [[32minfo[39m]: Connected to MongoDB
2024-10-15 19:08:23 [[32minfo[39m]: Server is running on port 3001
2024-10-15 19:09:10 [[32minfo[39m]: Connected to MongoDB
2024-10-15 19:09:10 [[32minfo[39m]: Server is running on port 3001
2024-10-15 19:09:36 [[32minfo[39m]: Connected to MongoDB
2024-10-15 19:09:36 [[32minfo[39m]: Server is running on port 3001
2024-10-15 19:09:53 [[32minfo[39m]: Método: GET | URL: /tournament | Params: {} | Body: {}
2024-10-15 19:10:02 [[32minfo[39m]: ::1 - - [15/Oct/2024:22:10:02 +0000] "GET /tournament HTTP/1.1" 200 17913 "-" "insomnia/2023.5.8"
2024-10-15 19:11:09 [[32minfo[39m]: Connected to MongoDB
2024-10-15 19:11:09 [[32minfo[39m]: Server is running on port 3001
2024-10-15 19:11:10 [[32minfo[39m]: Método: GET | URL: /tournament | Params: {} | Body: {}
2024-10-15 19:11:20 [[32minfo[39m]: ::1 - - [15/Oct/2024:22:11:20 +0000] "GET /tournament HTTP/1.1" 200 17449 "-" "insomnia/2023.5.8"
2024-10-15 19:12:05 [[32minfo[39m]: Connected to MongoDB
2024-10-15 19:12:05 [[32minfo[39m]: Server is running on port 3001
2024-10-15 19:12:07 [[32minfo[39m]: Método: GET | URL: /tournament | Params: {} | Body: {}
2024-10-15 19:12:17 [[32minfo[39m]: ::1 - - [15/Oct/2024:22:12:17 +0000] "GET /tournament HTTP/1.1" 200 17449 "-" "insomnia/2023.5.8"
